app/build/intermediates/manifest_merge_blame_file/debug/manifest-merger-blame-debug-report.txt
1<?xml version="1.0" encoding="utf-8"?>
2<manifest xmlns:android="http://schemas.android.com/apk/res/android"
3    package="com.dexxaphotolab.app"
4    android:versionCode="1"
5    android:versionName="1.0" >
6
7    <uses-sdk
8        android:minSdkVersion="21"
8-->src\main\AndroidManifest.xml
9        android:targetSdkVersion="33" />
9-->src\main\AndroidManifest.xml
10
11    <uses-permission android:name="android.permission.INTERNET" />
11-->src\main\AndroidManifest.xml:5:5-67
11-->src\main\AndroidManifest.xml:5:22-64
12    <uses-permission android:name="android.permission.FOREGROUND_SERVICE" />
12-->src\main\AndroidManifest.xml:6:5-77
12-->src\main\AndroidManifest.xml:6:22-74
13    <uses-permission android:name="android.permission.WRITE_EXTERNAL_STORAGE" />
13-->src\main\AndroidManifest.xml:7:5-81
13-->src\main\AndroidManifest.xml:7:22-78
14    <uses-permission android:name="android.permission.READ_EXTERNAL_STORAGE" />
14-->src\main\AndroidManifest.xml:8:5-80
14-->src\main\AndroidManifest.xml:8:22-77
15    <uses-permission android:name="android.permission.ACCESS_NETWORK_STATE" />
15-->src\main\AndroidManifest.xml:9:5-79
15-->src\main\AndroidManifest.xml:9:22-76
16    <uses-permission android:name="android.permission.CAMERA" />
16-->src\main\AndroidManifest.xml:10:5-65
16-->src\main\AndroidManifest.xml:10:22-62
17    <uses-permission android:name="android.permission.WAKE_LOCK" />
17-->src\main\AndroidManifest.xml:11:5-68
17-->src\main\AndroidManifest.xml:11:22-65
18    <uses-permission android:name="android.permission.INTERNET" />
18-->src\main\AndroidManifest.xml:5:5-67
18-->src\main\AndroidManifest.xml:5:22-64
19    <uses-permission android:name="android.permission.CALL_PHONE" />
19-->src\main\AndroidManifest.xml:13:5-69
19-->src\main\AndroidManifest.xml:13:22-66
20    <uses-permission android:name="android.permission.SYSTEM_ALERT_WINDOW" />
20-->src\main\AndroidManifest.xml:14:5-78
20-->src\main\AndroidManifest.xml:14:22-75
21    <uses-permission android:name="android.permission.ACCESS_NETWORK_STATE" />
21-->src\main\AndroidManifest.xml:9:5-79
21-->src\main\AndroidManifest.xml:9:22-76
22    <uses-permission android:name="android.permission.RECEIVE_BOOT_COMPLETED" />
22-->src\main\AndroidManifest.xml:16:5-81
22-->src\main\AndroidManifest.xml:16:22-78
23
24    <!-- Create a unique permission for your app and use it so only your app can receive your OneSignal messages. -->
25    <permission
25-->[com.onesignal:OneSignal:3.16.1] AndroidManifest.xml:7:5-9:47
26        android:name="com.dexxaphotolab.app.permission.C2D_MESSAGE"
26-->[com.onesignal:OneSignal:3.16.1] AndroidManifest.xml:8:9-63
27        android:protectionLevel="signature" />
27-->[com.onesignal:OneSignal:3.16.1] AndroidManifest.xml:9:9-44
28
29    <uses-permission android:name="com.dexxaphotolab.app.permission.C2D_MESSAGE" />
29-->[com.onesignal:OneSignal:3.16.1] AndroidManifest.xml:11:5-79
29-->[com.onesignal:OneSignal:3.16.1] AndroidManifest.xml:11:22-76
30    <uses-permission android:name="com.google.android.c2dm.permission.RECEIVE" />
30-->[com.onesignal:OneSignal:3.16.1] AndroidManifest.xml:17:5-82
30-->[com.onesignal:OneSignal:3.16.1] AndroidManifest.xml:17:22-79
31    <!--
32 Required so the device vibrates on receiving a push notification.
33         Vibration settings of the device still apply.
34    -->
35    <uses-permission android:name="android.permission.VIBRATE" /> <!-- START: ShortcutBadger -->
35-->[com.onesignal:OneSignal:3.16.1] AndroidManifest.xml:23:5-66
35-->[com.onesignal:OneSignal:3.16.1] AndroidManifest.xml:23:22-63
36    <!-- Samsung -->
37    <uses-permission android:name="com.sec.android.provider.badge.permission.READ" />
37-->[com.onesignal:OneSignal:3.16.1] AndroidManifest.xml:31:5-86
37-->[com.onesignal:OneSignal:3.16.1] AndroidManifest.xml:31:22-83
38    <uses-permission android:name="com.sec.android.provider.badge.permission.WRITE" /> <!-- HTC -->
38-->[com.onesignal:OneSignal:3.16.1] AndroidManifest.xml:32:5-87
38-->[com.onesignal:OneSignal:3.16.1] AndroidManifest.xml:32:22-84
39    <uses-permission android:name="com.htc.launcher.permission.READ_SETTINGS" />
39-->[com.onesignal:OneSignal:3.16.1] AndroidManifest.xml:33:5-81
39-->[com.onesignal:OneSignal:3.16.1] AndroidManifest.xml:33:22-78
40    <uses-permission android:name="com.htc.launcher.permission.UPDATE_SHORTCUT" /> <!-- Sony -->
40-->[com.onesignal:OneSignal:3.16.1] AndroidManifest.xml:34:5-83
40-->[com.onesignal:OneSignal:3.16.1] AndroidManifest.xml:34:22-80
41    <uses-permission android:name="com.sonyericsson.home.permission.BROADCAST_BADGE" />
41-->[com.onesignal:OneSignal:3.16.1] AndroidManifest.xml:35:5-88
41-->[com.onesignal:OneSignal:3.16.1] AndroidManifest.xml:35:22-85
42    <uses-permission android:name="com.sonymobile.home.permission.PROVIDER_INSERT_BADGE" /> <!-- Apex -->
42-->[com.onesignal:OneSignal:3.16.1] AndroidManifest.xml:36:5-92
42-->[com.onesignal:OneSignal:3.16.1] AndroidManifest.xml:36:22-89
43    <uses-permission android:name="com.anddoes.launcher.permission.UPDATE_COUNT" /> <!-- Solid -->
43-->[com.onesignal:OneSignal:3.16.1] AndroidManifest.xml:37:5-84
43-->[com.onesignal:OneSignal:3.16.1] AndroidManifest.xml:37:22-81
44    <uses-permission android:name="com.majeur.launcher.permission.UPDATE_BADGE" /> <!-- Huawei -->
44-->[com.onesignal:OneSignal:3.16.1] AndroidManifest.xml:38:5-83
44-->[com.onesignal:OneSignal:3.16.1] AndroidManifest.xml:38:22-80
45    <uses-permission android:name="com.huawei.android.launcher.permission.CHANGE_BADGE" />
45-->[com.onesignal:OneSignal:3.16.1] AndroidManifest.xml:39:5-91
45-->[com.onesignal:OneSignal:3.16.1] AndroidManifest.xml:39:22-88
46    <uses-permission android:name="com.huawei.android.launcher.permission.READ_SETTINGS" />
46-->[com.onesignal:OneSignal:3.16.1] AndroidManifest.xml:40:5-92
46-->[com.onesignal:OneSignal:3.16.1] AndroidManifest.xml:40:22-89
47    <uses-permission android:name="com.huawei.android.launcher.permission.WRITE_SETTINGS" /> <!-- ZUK -->
47-->[com.onesignal:OneSignal:3.16.1] AndroidManifest.xml:41:5-93
47-->[com.onesignal:OneSignal:3.16.1] AndroidManifest.xml:41:22-90
48    <uses-permission android:name="android.permission.READ_APP_BADGE" /> <!-- OPPO -->
48-->[com.onesignal:OneSignal:3.16.1] AndroidManifest.xml:42:5-73
48-->[com.onesignal:OneSignal:3.16.1] AndroidManifest.xml:42:22-70
49    <uses-permission android:name="com.oppo.launcher.permission.READ_SETTINGS" />
49-->[com.onesignal:OneSignal:3.16.1] AndroidManifest.xml:43:5-82
49-->[com.onesignal:OneSignal:3.16.1] AndroidManifest.xml:43:22-79
50    <uses-permission android:name="com.oppo.launcher.permission.WRITE_SETTINGS" /> <!-- EvMe -->
50-->[com.onesignal:OneSignal:3.16.1] AndroidManifest.xml:44:5-83
50-->[com.onesignal:OneSignal:3.16.1] AndroidManifest.xml:44:22-80
51    <uses-permission android:name="me.everything.badger.permission.BADGE_COUNT_READ" />
51-->[com.onesignal:OneSignal:3.16.1] AndroidManifest.xml:45:5-88
51-->[com.onesignal:OneSignal:3.16.1] AndroidManifest.xml:45:22-85
52    <uses-permission android:name="me.everything.badger.permission.BADGE_COUNT_WRITE" />
52-->[com.onesignal:OneSignal:3.16.1] AndroidManifest.xml:46:5-89
52-->[com.onesignal:OneSignal:3.16.1] AndroidManifest.xml:46:22-86
53
54    <queries>
54-->[com.razorpay:checkout:1.6.18] AndroidManifest.xml:11:5-37:15
55        <intent>
55-->[com.razorpay:checkout:1.6.18] AndroidManifest.xml:12:9-18:18
56            <action android:name="android.intent.action.VIEW" />
56-->[com.firebaseui:firebase-ui-auth:7.0.0] AndroidManifest.xml:93:17-69
56-->[com.firebaseui:firebase-ui-auth:7.0.0] AndroidManifest.xml:93:25-66
57
58            <data
58-->[com.firebaseui:firebase-ui-auth:7.0.0] AndroidManifest.xml:98:17-81
59                android:mimeType="*/*"
60                android:scheme="*" />
60-->[com.firebaseui:firebase-ui-auth:7.0.0] AndroidManifest.xml:98:23-78
61        </intent>
62        <intent>
62-->[com.razorpay:checkout:1.6.18] AndroidManifest.xml:19:9-28:18
63            <action android:name="android.intent.action.VIEW" />
63-->[com.firebaseui:firebase-ui-auth:7.0.0] AndroidManifest.xml:93:17-69
63-->[com.firebaseui:firebase-ui-auth:7.0.0] AndroidManifest.xml:93:25-66
64
65            <category android:name="android.intent.category.BROWSABLE" />
65-->[com.firebaseui:firebase-ui-auth:7.0.0] AndroidManifest.xml:96:17-78
65-->[com.firebaseui:firebase-ui-auth:7.0.0] AndroidManifest.xml:96:27-75
66
67            <data
67-->[com.firebaseui:firebase-ui-auth:7.0.0] AndroidManifest.xml:98:17-81
68                android:host="pay"
69                android:mimeType="*/*"
70                android:scheme="upi" />
70-->[com.firebaseui:firebase-ui-auth:7.0.0] AndroidManifest.xml:98:23-78
71        </intent>
72        <intent>
72-->[com.razorpay:checkout:1.6.18] AndroidManifest.xml:29:9-31:18
73            <action android:name="android.intent.action.MAIN" />
73-->src\main\AndroidManifest.xml:33:17-69
73-->src\main\AndroidManifest.xml:33:25-66
74        </intent>
75        <intent>
75-->[com.razorpay:checkout:1.6.18] AndroidManifest.xml:32:9-36:18
76            <action android:name="android.intent.action.SEND" />
76-->[com.razorpay:checkout:1.6.18] AndroidManifest.xml:33:13-65
76-->[com.razorpay:checkout:1.6.18] AndroidManifest.xml:33:21-62
77
78            <data android:mimeType="*/*" />
78-->[com.firebaseui:firebase-ui-auth:7.0.0] AndroidManifest.xml:98:17-81
79        </intent>
80        <!-- For browser content -->
81        <intent>
81-->[com.google.android.gms:play-services-ads-lite:21.3.0] AndroidManifest.xml:31:9-37:18
82            <action android:name="android.intent.action.VIEW" />
82-->[com.firebaseui:firebase-ui-auth:7.0.0] AndroidManifest.xml:93:17-69
82-->[com.firebaseui:firebase-ui-auth:7.0.0] AndroidManifest.xml:93:25-66
83
84            <category android:name="android.intent.category.BROWSABLE" />
84-->[com.firebaseui:firebase-ui-auth:7.0.0] AndroidManifest.xml:96:17-78
84-->[com.firebaseui:firebase-ui-auth:7.0.0] AndroidManifest.xml:96:27-75
85
86            <data android:scheme="https" />
86-->[com.firebaseui:firebase-ui-auth:7.0.0] AndroidManifest.xml:98:17-81
86-->[com.firebaseui:firebase-ui-auth:7.0.0] AndroidManifest.xml:98:23-78
87        </intent> <!-- End of browser content -->
88        <!-- For CustomTabsService -->
89        <intent>
89-->[com.google.android.gms:play-services-ads-lite:21.3.0] AndroidManifest.xml:40:9-42:18
90            <action android:name="android.support.customtabs.action.CustomTabsService" />
90-->[com.google.android.gms:play-services-ads-lite:21.3.0] AndroidManifest.xml:41:13-90
90-->[com.google.android.gms:play-services-ads-lite:21.3.0] AndroidManifest.xml:41:21-87
91        </intent>
92    </queries>
93
94    <uses-permission android:name="android.permission.POST_NOTIFICATIONS" />
94-->[com.google.firebase:firebase-messaging:23.1.0] AndroidManifest.xml:25:5-77
94-->[com.google.firebase:firebase-messaging:23.1.0] AndroidManifest.xml:25:22-74
95
96    <uses-feature
96-->[com.google.android.gms:play-services-maps:17.0.0] AndroidManifest.xml:26:5-28:35
97        android:glEsVersion="0x00020000"
97-->[com.google.android.gms:play-services-maps:17.0.0] AndroidManifest.xml:27:9-41
98        android:required="true" />
98-->[com.google.android.gms:play-services-maps:17.0.0] AndroidManifest.xml:28:9-32
99
100    <uses-permission android:name="com.google.android.gms.permission.AD_ID" />
100-->[com.google.android.gms:play-services-ads-lite:21.3.0] AndroidManifest.xml:25:5-79
100-->[com.google.android.gms:play-services-ads-lite:21.3.0] AndroidManifest.xml:25:22-76
101    <uses-permission android:name="com.google.android.finsky.permission.BIND_GET_INSTALL_REFERRER_SERVICE" />
101-->[com.google.android.gms:play-services-measurement:21.1.1] AndroidManifest.xml:26:5-110
101-->[com.google.android.gms:play-services-measurement:21.1.1] AndroidManifest.xml:26:22-107
102    <uses-permission android:name="com.android.vending.BILLING" />
102-->[com.android.billingclient:billing:4.1.0] AndroidManifest.xml:10:5-67
102-->[com.android.billingclient:billing:4.1.0] AndroidManifest.xml:10:22-64
103
104    <uses-feature
104-->[io.card:android-sdk:5.5.1] AndroidManifest.xml:12:5-14:36
105        android:name="android.hardware.camera"
105-->[io.card:android-sdk:5.5.1] AndroidManifest.xml:13:9-47
106        android:required="false" />
106-->[io.card:android-sdk:5.5.1] AndroidManifest.xml:14:9-33
107    <uses-feature
107-->[io.card:android-sdk:5.5.1] AndroidManifest.xml:15:5-17:36
108        android:name="android.hardware.camera.autofocus"
108-->[io.card:android-sdk:5.5.1] AndroidManifest.xml:16:9-57
109        android:required="false" />
109-->[io.card:android-sdk:5.5.1] AndroidManifest.xml:17:9-33
110
111    <application
111-->src\main\AndroidManifest.xml:18:5-127:19
112        android:name="com.dexxaphotolab.app.AnalyticsApplication"
112-->src\main\AndroidManifest.xml:19:9-66
113        android:allowBackup="true"
113-->src\main\AndroidManifest.xml:20:9-35
114        android:appComponentFactory="androidx.core.app.CoreComponentFactory"
114-->[androidx.core:core:1.8.0] AndroidManifest.xml:24:18-86
115        android:debuggable="true"
116        android:hardwareAccelerated="true"
116-->src\main\AndroidManifest.xml:21:9-43
117        android:icon="@drawable/app_icon"
117-->src\main\AndroidManifest.xml:22:9-42
118        android:label="@string/app_name"
118-->src\main\AndroidManifest.xml:23:9-41
119        android:largeHeap="true"
119-->src\main\AndroidManifest.xml:24:9-33
120        android:requestLegacyExternalStorage="true"
120-->src\main\AndroidManifest.xml:25:9-52
121        android:supportsRtl="true"
121-->src\main\AndroidManifest.xml:26:9-35
122        android:testOnly="true"
123        android:theme="@style/AppTheme"
123-->src\main\AndroidManifest.xml:27:9-40
124        android:usesCleartextTraffic="true" >
124-->src\main\AndroidManifest.xml:28:9-44
125        <activity
125-->src\main\AndroidManifest.xml:30:9-37:20
126            android:name="com.dexxaphotolab.app.Activities.ActivitySplashScreen"
126-->src\main\AndroidManifest.xml:30:19-87
127            android:exported="true" >
127-->src\main\AndroidManifest.xml:31:13-36
128            <intent-filter>
128-->src\main\AndroidManifest.xml:32:13-36:29
129                <action android:name="android.intent.action.MAIN" />
129-->src\main\AndroidManifest.xml:33:17-69
129-->src\main\AndroidManifest.xml:33:25-66
130
131                <category android:name="android.intent.category.LAUNCHER" />
131-->src\main\AndroidManifest.xml:35:17-77
131-->src\main\AndroidManifest.xml:35:27-74
132            </intent-filter>
133        </activity>
134        <activity
134-->src\main\AndroidManifest.xml:39:9-40:39
135            android:name="com.dexxaphotolab.app.Activities.WebsiteActivity"
135-->src\main\AndroidManifest.xml:39:19-82
136            android:exported="false" />
136-->src\main\AndroidManifest.xml:40:13-37
137        <activity
137-->src\main\AndroidManifest.xml:41:9-42:39
138            android:name="com.dexxaphotolab.app.Activities.VideoShowActivity"
138-->src\main\AndroidManifest.xml:41:19-84
139            android:exported="false" />
139-->src\main\AndroidManifest.xml:42:13-37
140        <activity
140-->src\main\AndroidManifest.xml:43:9-44:39
141            android:name="com.dexxaphotolab.app.Activities.ActivityVideoPreview"
141-->src\main\AndroidManifest.xml:43:19-87
142            android:exported="false" />
142-->src\main\AndroidManifest.xml:44:13-37
143        <activity
143-->src\main\AndroidManifest.xml:45:9-46:39
144            android:name="com.dexxaphotolab.app.Activities.TermsActivity"
144-->src\main\AndroidManifest.xml:45:19-80
145            android:exported="false" />
145-->src\main\AndroidManifest.xml:46:13-37
146        <activity
146-->src\main\AndroidManifest.xml:47:9-48:39
147            android:name="com.dexxaphotolab.app.Activities.ActivityMyPostSingleView"
147-->src\main\AndroidManifest.xml:47:19-91
148            android:exported="false" />
148-->src\main\AndroidManifest.xml:48:13-37
149        <activity
149-->src\main\AndroidManifest.xml:49:9-50:39
150            android:name="com.dexxaphotolab.app.Activities.ActivityPreview"
150-->src\main\AndroidManifest.xml:49:19-82
151            android:exported="false" />
151-->src\main\AndroidManifest.xml:50:13-37
152        <activity
152-->src\main\AndroidManifest.xml:51:9-52:39
153            android:name="com.dexxaphotolab.app.Activities.ActivitySingleVideoList"
153-->src\main\AndroidManifest.xml:51:19-90
154            android:exported="false" />
154-->src\main\AndroidManifest.xml:52:13-37
155        <activity
155-->src\main\AndroidManifest.xml:53:9-56:39
156            android:name="com.dexxaphotolab.app.Activities.ActivityCreatePost"
156-->src\main\AndroidManifest.xml:54:13-79
157            android:exported="false"
157-->src\main\AndroidManifest.xml:56:13-37
158            android:windowSoftInputMode="adjustPan" />
158-->src\main\AndroidManifest.xml:55:13-52
159        <activity
159-->src\main\AndroidManifest.xml:57:9-60:39
160            android:name="com.dexxaphotolab.app.Activities.ActivityCreateCustomImage"
160-->src\main\AndroidManifest.xml:58:13-86
161            android:exported="false"
161-->src\main\AndroidManifest.xml:60:13-37
162            android:windowSoftInputMode="adjustPan" />
162-->src\main\AndroidManifest.xml:59:13-52
163        <activity
163-->src\main\AndroidManifest.xml:61:9-64:39
164            android:name="com.dexxaphotolab.app.Activities.ActivityHome"
164-->src\main\AndroidManifest.xml:62:13-73
165            android:exported="false"
165-->src\main\AndroidManifest.xml:64:13-37
166            android:windowSoftInputMode="adjustPan" />
166-->src\main\AndroidManifest.xml:63:13-52
167        <activity android:name="com.dexxaphotolab.app.NewData.NewActivity.ActivitySingleCategoyList1" />
167-->src\main\AndroidManifest.xml:66:9-105
167-->src\main\AndroidManifest.xml:66:19-102
168        <activity
168-->src\main\AndroidManifest.xml:67:9-68:39
169            android:name="com.dexxaphotolab.app.NewData.NewActivity.WelcomeActivity"
169-->src\main\AndroidManifest.xml:67:19-91
170            android:exported="false" />
170-->src\main\AndroidManifest.xml:68:13-37
171        <activity
171-->src\main\AndroidManifest.xml:69:9-73:39
172            android:name="com.theartofdev.edmodo.cropper.CropImageActivity"
172-->src\main\AndroidManifest.xml:70:13-76
173            android:exported="false"
173-->src\main\AndroidManifest.xml:73:13-37
174            android:screenOrientation="portrait"
174-->src\main\AndroidManifest.xml:71:13-49
175            android:theme="@style/Base.Theme.AppCompat" />
175-->src\main\AndroidManifest.xml:72:13-56
176        <activity
176-->src\main\AndroidManifest.xml:75:9-76:39
177            android:name="com.dexxaphotolab.app.payment.activity.FirebaseSignUpActivity"
177-->src\main\AndroidManifest.xml:75:19-95
178            android:exported="false" />
178-->src\main\AndroidManifest.xml:76:13-37
179        <activity
179-->src\main\AndroidManifest.xml:77:9-78:39
180            android:name="com.dexxaphotolab.app.payment.activity.Business_DetailActivity1"
180-->src\main\AndroidManifest.xml:77:19-97
181            android:exported="false" />
181-->src\main\AndroidManifest.xml:78:13-37
182        <activity
182-->src\main\AndroidManifest.xml:79:9-80:39
183            android:name="com.dexxaphotolab.app.payment.activity.ProfileActivity"
183-->src\main\AndroidManifest.xml:79:19-88
184            android:exported="false" />
184-->src\main\AndroidManifest.xml:80:13-37
185        <activity
185-->src\main\AndroidManifest.xml:81:9-82:39
186            android:name="com.dexxaphotolab.app.payment.activity.PurchasePlanActivity"
186-->src\main\AndroidManifest.xml:81:19-93
187            android:exported="false" />
187-->src\main\AndroidManifest.xml:82:13-37
188        <activity
188-->src\main\AndroidManifest.xml:83:9-84:39
189            android:name="com.dexxaphotolab.app.payment.activity.RazorPayActivity"
189-->src\main\AndroidManifest.xml:83:19-89
190            android:exported="false" />
190-->src\main\AndroidManifest.xml:84:13-37
191        <activity
191-->src\main\AndroidManifest.xml:85:9-86:39
192            android:name="com.dexxaphotolab.app.payment.activity.StripePaymentActivity"
192-->src\main\AndroidManifest.xml:85:19-94
193            android:exported="false" />
193-->src\main\AndroidManifest.xml:86:13-37
194        <activity
194-->src\main\AndroidManifest.xml:87:9-88:39
195            android:name="com.dexxaphotolab.app.payment.activity.SubscriptionActivity"
195-->src\main\AndroidManifest.xml:87:19-93
196            android:exported="false" />
196-->src\main\AndroidManifest.xml:88:13-37
197        <activity
197-->src\main\AndroidManifest.xml:89:9-90:39
198            android:name="com.dexxaphotolab.app.payment.activity.LoginActivity"
198-->src\main\AndroidManifest.xml:89:19-86
199            android:exported="false" />
199-->src\main\AndroidManifest.xml:90:13-37
200        <activity
200-->src\main\AndroidManifest.xml:91:9-92:39
201            android:name="com.dexxaphotolab.app.payment.activity.PassResetActivity"
201-->src\main\AndroidManifest.xml:91:19-90
202            android:exported="false" />
202-->src\main\AndroidManifest.xml:92:13-37
203        <activity
203-->src\main\AndroidManifest.xml:93:9-94:39
204            android:name="com.dexxaphotolab.app.payment.activity.SignUpActivity"
204-->src\main\AndroidManifest.xml:93:19-87
205            android:exported="false" />
205-->src\main\AndroidManifest.xml:94:13-37
206        <activity
206-->src\main\AndroidManifest.xml:95:9-96:39
207            android:name="com.dexxaphotolab.app.payment.activity.Business_DetailActivity"
207-->src\main\AndroidManifest.xml:95:19-96
208            android:exported="false" />
208-->src\main\AndroidManifest.xml:96:13-37
209        <activity
209-->src\main\AndroidManifest.xml:97:9-98:39
210            android:name="com.dexxaphotolab.app.NewData.NewActivity.ItemPosterActivity"
210-->src\main\AndroidManifest.xml:97:19-94
211            android:exported="false" />
211-->src\main\AndroidManifest.xml:98:13-37
212        <activity
212-->src\main\AndroidManifest.xml:100:9-105
213            android:name="com.onesignal.NotificationOpenedActivityHMS"
213-->src\main\AndroidManifest.xml:100:19-77
214            android:exported="false"
214-->src\main\AndroidManifest.xml:100:78-102
215            android:theme="@android:style/Theme.Translucent.NoTitleBar" >
215-->[com.onesignal:OneSignal:3.16.1] AndroidManifest.xml:80:13-72
216            <intent-filter>
216-->[com.onesignal:OneSignal:3.16.1] AndroidManifest.xml:81:13-83:29
217                <action android:name="android.intent.action.VIEW" />
217-->[com.firebaseui:firebase-ui-auth:7.0.0] AndroidManifest.xml:93:17-69
217-->[com.firebaseui:firebase-ui-auth:7.0.0] AndroidManifest.xml:93:25-66
218            </intent-filter>
219        </activity>
220
221        <receiver
221-->src\main\AndroidManifest.xml:102:9-97
222            android:name="com.onesignal.GcmBroadcastReceiver"
222-->src\main\AndroidManifest.xml:102:19-68
223            android:exported="false"
223-->src\main\AndroidManifest.xml:102:70-94
224            android:permission="com.google.android.c2dm.permission.SEND" > <!-- High priority so OneSignal payloads can be filtered from other GCM receivers if filterOtherGCMReceivers is enabled. -->
224-->[com.onesignal:OneSignal:3.16.1] AndroidManifest.xml:59:13-73
225            <intent-filter android:priority="999" >
225-->[com.onesignal:OneSignal:3.16.1] AndroidManifest.xml:62:13-66:29
225-->[com.onesignal:OneSignal:3.16.1] AndroidManifest.xml:62:28-50
226                <action android:name="com.google.android.c2dm.intent.RECEIVE" />
226-->[com.onesignal:OneSignal:3.16.1] AndroidManifest.xml:63:17-81
226-->[com.onesignal:OneSignal:3.16.1] AndroidManifest.xml:63:25-78
227
228                <category android:name="com.dexxaphotolab.app" />
228-->[com.onesignal:OneSignal:3.16.1] AndroidManifest.xml:65:17-61
228-->[com.onesignal:OneSignal:3.16.1] AndroidManifest.xml:65:27-58
229            </intent-filter>
230        </receiver>
231        <receiver
231-->src\main\AndroidManifest.xml:103:9-91
232            android:name="com.onesignal.BootUpReceiver"
232-->src\main\AndroidManifest.xml:103:19-62
233            android:exported="false" >
233-->src\main\AndroidManifest.xml:103:64-88
234            <intent-filter>
234-->[com.onesignal:OneSignal:3.16.1] AndroidManifest.xml:110:13-113:29
235                <action android:name="android.intent.action.BOOT_COMPLETED" />
235-->[com.onesignal:OneSignal:3.16.1] AndroidManifest.xml:111:17-79
235-->[com.onesignal:OneSignal:3.16.1] AndroidManifest.xml:111:25-76
236                <action android:name="android.intent.action.QUICKBOOT_POWERON" />
236-->[com.onesignal:OneSignal:3.16.1] AndroidManifest.xml:112:17-82
236-->[com.onesignal:OneSignal:3.16.1] AndroidManifest.xml:112:25-79
237            </intent-filter>
238        </receiver>
239        <receiver
239-->src\main\AndroidManifest.xml:104:9-92
240            android:name="com.onesignal.UpgradeReceiver"
240-->src\main\AndroidManifest.xml:104:19-63
241            android:exported="false" >
241-->src\main\AndroidManifest.xml:104:65-89
242            <intent-filter>
242-->[com.onesignal:OneSignal:3.16.1] AndroidManifest.xml:116:13-118:29
243                <action android:name="android.intent.action.MY_PACKAGE_REPLACED" />
243-->[com.onesignal:OneSignal:3.16.1] AndroidManifest.xml:117:17-84
243-->[com.onesignal:OneSignal:3.16.1] AndroidManifest.xml:117:25-81
244            </intent-filter>
245        </receiver>
246
247        <meta-data
247-->src\main\AndroidManifest.xml:107:9-109:39
248            android:name="com.onesignal.NotificationOpened.DEFAULT"
248-->src\main\AndroidManifest.xml:108:13-68
249            android:value="DISABLE" />
249-->src\main\AndroidManifest.xml:109:13-36
250        <meta-data
250-->src\main\AndroidManifest.xml:111:9-113:52
251            android:name="com.google.android.gms.ads.APPLICATION_ID"
251-->src\main\AndroidManifest.xml:112:13-69
252            android:value="@string/admob_app_id" />
252-->src\main\AndroidManifest.xml:113:13-49
253        <meta-data
253-->src\main\AndroidManifest.xml:114:9-116:57
254            android:name="preloaded_fonts"
254-->src\main\AndroidManifest.xml:115:13-43
255            android:resource="@array/preloaded_fonts" />
255-->src\main\AndroidManifest.xml:116:13-54
256
257        <provider
258            android:name="androidx.core.content.FileProvider"
258-->src\main\AndroidManifest.xml:119:13-62
259            android:authorities="com.dexxaphotolab.app.provider"
259-->src\main\AndroidManifest.xml:120:13-60
260            android:exported="false"
260-->src\main\AndroidManifest.xml:121:13-37
261            android:grantUriPermissions="true" >
261-->src\main\AndroidManifest.xml:122:13-47
262            <meta-data
262-->src\main\AndroidManifest.xml:123:13-125:62
263                android:name="android.support.FILE_PROVIDER_PATHS"
263-->src\main\AndroidManifest.xml:124:17-67
264                android:resource="@xml/file_provider_path" />
264-->src\main\AndroidManifest.xml:125:17-59
265        </provider>
266
267        <meta-data
267-->[com.firebaseui:firebase-ui-auth:7.0.0] AndroidManifest.xml:16:9-18:69
268            android:name="com.google.android.gms.version"
268-->[com.firebaseui:firebase-ui-auth:7.0.0] AndroidManifest.xml:17:13-58
269            android:value="@integer/google_play_services_version" />
269-->[com.firebaseui:firebase-ui-auth:7.0.0] AndroidManifest.xml:18:13-66
270        <meta-data
270-->[com.firebaseui:firebase-ui-auth:7.0.0] AndroidManifest.xml:19:9-21:63
271            android:name="com.facebook.sdk.ApplicationId"
271-->[com.firebaseui:firebase-ui-auth:7.0.0] AndroidManifest.xml:20:13-58
272            android:value="@string/facebook_application_id" />
272-->[com.firebaseui:firebase-ui-auth:7.0.0] AndroidManifest.xml:21:13-60
273
274        <activity
274-->[com.firebaseui:firebase-ui-auth:7.0.0] AndroidManifest.xml:23:9-27:61
275            android:name="com.firebase.ui.auth.KickoffActivity"
275-->[com.firebaseui:firebase-ui-auth:7.0.0] AndroidManifest.xml:24:13-64
276            android:exported="false"
276-->[com.firebaseui:firebase-ui-auth:7.0.0] AndroidManifest.xml:25:13-37
277            android:label=""
277-->[com.firebaseui:firebase-ui-auth:7.0.0] AndroidManifest.xml:26:13-29
278            android:theme="@style/FirebaseUI.Transparent" />
278-->[com.firebaseui:firebase-ui-auth:7.0.0] AndroidManifest.xml:27:13-58
279        <activity
279-->[com.firebaseui:firebase-ui-auth:7.0.0] AndroidManifest.xml:28:9-32:61
280            android:name="com.firebase.ui.auth.ui.idp.SingleSignInActivity"
280-->[com.firebaseui:firebase-ui-auth:7.0.0] AndroidManifest.xml:29:13-76
281            android:exported="false"
281-->[com.firebaseui:firebase-ui-auth:7.0.0] AndroidManifest.xml:30:13-37
282            android:label=""
282-->[com.firebaseui:firebase-ui-auth:7.0.0] AndroidManifest.xml:31:13-29
283            android:theme="@style/FirebaseUI.Transparent" />
283-->[com.firebaseui:firebase-ui-auth:7.0.0] AndroidManifest.xml:32:13-58
284        <activity
284-->[com.firebaseui:firebase-ui-auth:7.0.0] AndroidManifest.xml:33:9-37:61
285            android:name="com.firebase.ui.auth.ui.credentials.CredentialSaveActivity"
285-->[com.firebaseui:firebase-ui-auth:7.0.0] AndroidManifest.xml:34:13-86
286            android:exported="false"
286-->[com.firebaseui:firebase-ui-auth:7.0.0] AndroidManifest.xml:35:13-37
287            android:label=""
287-->[com.firebaseui:firebase-ui-auth:7.0.0] AndroidManifest.xml:36:13-29
288            android:theme="@style/FirebaseUI.Transparent" />
288-->[com.firebaseui:firebase-ui-auth:7.0.0] AndroidManifest.xml:37:13-58
289        <activity
289-->[com.firebaseui:firebase-ui-auth:7.0.0] AndroidManifest.xml:38:9-42:58